#-----------------------------------------------------------
# Vivado v2024.2 (64-bit)
# SW Build 5239630 on Fri Nov 08 22:35:27 MST 2024
# IP Build 5239520 on Sun Nov 10 16:12:51 MST 2024
# SharedData Build 5239561 on Fri Nov 08 14:39:27 MST 2024
# Start of session at: Fri Aug 22 17:39:54 2025
# Process ID         : 48892
# Current directory  : C:/Users/Vidyadheesha M Pandurangi/Desktop/VD/My Projects/VLSI/Synchronous_FIFO
# Command line       : vivado.exe -gui_launcher_event rodinguilauncherevent20376 C:\Users\Vidyadheesha M Pandurangi\Desktop\VD\My Projects\VLSI\Synchronous_FIFO\Synchronous_FIFO.xpr
# Log file           : C:/Users/Vidyadheesha M Pandurangi/Desktop/VD/My Projects/VLSI/Synchronous_FIFO/vivado.log
# Journal file       : C:/Users/Vidyadheesha M Pandurangi/Desktop/VD/My Projects/VLSI/Synchronous_FIFO\vivado.jou
# Running On         : Vidyadheesha
# Platform           : Windows Server 2016 or Windows 10
# Operating System   : 26100
# Processor Detail   : 13th Gen Intel(R) Core(TM) i7-13650HX
# CPU Frequency      : 2803 MHz
# CPU Physical cores : 14
# CPU Logical cores  : 20
# Host memory        : 25463 MB
# Swap memory        : 6954 MB
# Total Virtual      : 32417 MB
# Available Virtual  : 890 MB
#-----------------------------------------------------------
sstart_guiopen_project {C:/Users/Vidyadheesha M Pandurangi/Desktop/VD/My Projects/VLSI/Synchronous_FIFO/Synchronous_FIFO.xpr}
SScanning sources...
Finished scanning sources
INFO: [IP_Flow 19-234] Refreshing IP repositories
INFO: [IP_Flow 19-1704] No user IP repositories specified
INFO: [IP_Flow 19-2313] Loaded Vivado IP repository 'C:/Vivado/2024.2/data/ip'.oopen_project: Time (s): cpu = 00:00:22 ; elapsed = 00:00:13 . Memory (MB): peak = 1250.125 ; gain = 150.230
update_compile_order -fileset sources_1exit
INFO: [Common 17-206] Exiting Vivado at Fri Aug 22 17:57:41 2025...

