Time resolution is 1 ps
----- WRITING TO FIFO -----
Write:   0, Full: 0, Empty: 1
Write:   1, Full: 0, Empty: 1
Write:   2, Full: 0, Empty: 0
Write:   3, Full: 0, Empty: 0
Write:   4, Full: 0, Empty: 0
Write:   5, Full: 0, Empty: 0
Write:   6, Full: 0, Empty: 0
Write:   7, Full: 0, Empty: 0
Write:   8, Full: 0, Empty: 0
Write:   9, Full: 0, Empty: 0
Write:  10, Full: 0, Empty: 0
Write:  11, Full: 0, Empty: 0
Write:  12, Full: 0, Empty: 0
Write:  13, Full: 0, Empty: 0
Write:  14, Full: 0, Empty: 0
Write:  15, Full: 0, Empty: 0
----- READING FROM FIFO -----
Read:   0, Full: 0, Empty: 0
Read:   0, Full: 0, Empty: 0
Read:   1, Full: 1, Empty: 0
Read:   2, Full: 0, Empty: 0
Read:   3, Full: 0, Empty: 0
Read:   4, Full: 0, Empty: 0
Read:   5, Full: 0, Empty: 0
Read:   6, Full: 0, Empty: 0
Read:   7, Full: 0, Empty: 0
Read:   8, Full: 0, Empty: 0
Read:   9, Full: 0, Empty: 0
Read:  10, Full: 0, Empty: 0
Read:  11, Full: 0, Empty: 0
Read:  12, Full: 0, Empty: 0
Read:  13, Full: 0, Empty: 0
Read:  14, Full: 0, Empty: 0
----- SIMULTANEOUS READ/WRITE -----
RW: Write 100 | Read  15 | Full: 0 | Empty: 1
RW: Write 101 | Read  15 | Full: 0 | Empty: 1
RW: Write 102 | Read  15 | Full: 0 | Empty: 0
RW: Write 103 | Read 100 | Full: 0 | Empty: 0
RW: Write 104 | Read 101 | Full: 0 | Empty: 0
RW: Write 105 | Read 102 | Full: 0 | Empty: 0
RW: Write 106 | Read 103 | Full: 0 | Empty: 0
RW: Write 107 | Read 104 | Full: 0 | Empty: 0
$stop called at time : 445 ns : File "C:/Users/Vidyadheesha M Pandurangi/Desktop/VD/My Projects/VLSI/Synchronous_FIFO/Synchronous_FIFO.srcs/sources_1/new/Testbench_Synchronous_FIFO.v" Line 91
